<?xml version="1.0" encoding="UTF-8"?>
<!-- Generated by org.testng.reporters.JUnitReportReporter -->
<testsuite hostname="Sajid" failures="0" tests="2" name="first.com.WebAutomationBasic.ExampleTestNG" time="0.020" errors="0" timestamp="2024-01-24T22:16:38 BDT" skipped="0">
  <testcase classname="first.com.WebAutomationBasic.ExampleTestNG" name="testCase2" time="0.011"/>
  <testcase classname="first.com.WebAutomationBasic.ExampleTestNG" name="testCase1" time="0.009"/>
</testsuite> <!-- first.com.WebAutomationBasic.ExampleTestNG -->
