<?xml version="1.0" encoding="UTF-8"?>
<!-- Generated by org.testng.reporters.JUnitReportReporter -->
<testsuite hostname="Sajid" failures="0" tests="1" name="first.com.WebAutomationBasic.TestScrollWebPage" time="17.909" errors="0" timestamp="2024-01-25T23:31:25 BDT" skipped="0">
  <testcase classname="first.com.WebAutomationBasic.TestScrollWebPage" name="testscroll" time="17.909"/>
</testsuite> <!-- first.com.WebAutomationBasic.TestScrollWebPage -->
