<?xml version="1.0" encoding="UTF-8"?>
<!-- Generated by org.testng.reporters.JUnitReportReporter -->
<testsuite hostname="Sajid" failures="0" tests="1" name="first.com.WebAutomationBasic.OpenAWebPage" time="3.490" errors="0" timestamp="2024-01-22T23:58:49 BDT" skipped="0">
  <testcase classname="first.com.WebAutomationBasic.OpenAWebPage" name="openGoogle" time="3.490"/>
</testsuite> <!-- first.com.WebAutomationBasic.OpenAWebPage -->
