<?xml version="1.0" encoding="UTF-8"?>
<!-- Generated by org.testng.reporters.JUnitReportReporter -->
<testsuite hostname="Sajid" failures="0" tests="1" name="first.com.WebAutomationBasic.TestIFrameElement" time="24.751" errors="0" timestamp="2024-01-25T23:52:58 BDT" skipped="0">
  <testcase classname="first.com.WebAutomationBasic.TestIFrameElement" name="testIFrameItems" time="24.751"/>
</testsuite> <!-- first.com.WebAutomationBasic.TestIFrameElement -->
