<?xml version="1.0" encoding="UTF-8"?>
<!-- Generated by org.testng.reporters.JUnitReportReporter -->
<testsuite hostname="Sajid" failures="0" tests="1" name="first.com.WebAutomationBasic.HandleAlert" time="4.075" errors="0" timestamp="2024-01-25T21:38:44 BDT" skipped="0">
  <testcase classname="first.com.WebAutomationBasic.HandleAlert" name="test_different_alert" time="4.075"/>
</testsuite> <!-- first.com.WebAutomationBasic.HandleAlert -->
