<?xml version="1.0" encoding="UTF-8"?>
<!-- Generated by org.testng.reporters.JUnitReportReporter -->
<testsuite hostname="Sajid" failures="0" tests="1" name="first.com.WebAutomationBasic.TestWebElement" time="41.390" errors="0" timestamp="2024-01-24T23:05:46 BDT" skipped="0">
  <testcase classname="first.com.WebAutomationBasic.TestWebElement" name="TestElement" time="41.390"/>
</testsuite> <!-- first.com.WebAutomationBasic.TestWebElement -->
