<?xml version="1.0" encoding="UTF-8"?>
<!-- Generated by org.testng.reporters.JUnitReportReporter -->
<testsuite hostname="Sajid" failures="0" tests="1" name="first.com.WebAutomationBasic.TestHoverAction" time="34.541" errors="0" timestamp="2024-01-25T23:18:25 BDT" skipped="0">
  <testcase classname="first.com.WebAutomationBasic.TestHoverAction" name="testHover" time="34.541"/>
</testsuite> <!-- first.com.WebAutomationBasic.TestHoverAction -->
