<?xml version="1.0" encoding="UTF-8"?>
<!-- Generated by org.testng.reporters.JUnitReportReporter -->
<testsuite hostname="Sajid" failures="0" tests="1" name="first.com.WebAutomationBasic.HandleSelectTag" time="38.074" errors="0" timestamp="2024-01-25T22:42:08 BDT" skipped="0">
  <testcase classname="first.com.WebAutomationBasic.HandleSelectTag" name="testDropdown" time="38.074"/>
</testsuite> <!-- first.com.WebAutomationBasic.HandleSelectTag -->
