<?xml version="1.0" encoding="UTF-8"?>
<!-- Generated by org.testng.reporters.JUnitReportReporter -->
<testsuite hostname="Sajid" failures="0" tests="1" name="first.com.WebAutomationBasic.DiffWait" time="10.923" errors="0" timestamp="2024-01-26T01:32:05 BDT" skipped="0">
  <testcase classname="first.com.WebAutomationBasic.DiffWait" name="testDifferentwait" time="10.923"/>
</testsuite> <!-- first.com.WebAutomationBasic.DiffWait -->
