<?xml version="1.0" encoding="UTF-8"?>
<!-- Generated by org.testng.reporters.JUnitReportReporter -->
<testsuite hostname="Sajid" failures="0" tests="1" name="first.com.WebAutomationBasic.TestAdvanceWebElement" time="20.094" errors="0" timestamp="2024-01-25T19:22:30 BDT" skipped="0">
  <testcase classname="first.com.WebAutomationBasic.TestAdvanceWebElement" name="TestElement" time="20.094"/>
</testsuite> <!-- first.com.WebAutomationBasic.TestAdvanceWebElement -->
