<?xml version="1.0" encoding="UTF-8"?>
<!-- Generated by org.testng.reporters.JUnitReportReporter -->
<testsuite hostname="Sajid" failures="0" tests="1" name="first.com.WebAutomationBasic.InteractingWithWebElement" time="20.189" errors="0" timestamp="2024-01-25T19:19:05 BDT" skipped="0">
  <testcase classname="first.com.WebAutomationBasic.InteractingWithWebElement" name="testInteractionOfWebElement" time="20.189"/>
</testsuite> <!-- first.com.WebAutomationBasic.InteractingWithWebElement -->
