<?xml version="1.0" encoding="UTF-8"?>
<!-- Generated by org.testng.reporters.JUnitReportReporter -->
<testsuite hostname="Sajid" failures="0" tests="1" name="first.com.WebAutomationBasic.GetNavigate" time="8.320" errors="0" timestamp="2024-01-25T21:22:39 BDT" skipped="0">
  <testcase classname="first.com.WebAutomationBasic.GetNavigate" name="testBrowserWindowHandle" time="8.320"/>
</testsuite> <!-- first.com.WebAutomationBasic.GetNavigate -->
