<?xml version="1.0" encoding="UTF-8"?>
<!-- Generated by org.testng.reporters.JUnitReportReporter -->
<testsuite hostname="Sajid" failures="0" tests="1" name="first.com.WebAutomationBasic.TestWebElement" time="8.516" errors="0" timestamp="2024-01-23T22:54:51 BDT" skipped="0">
  <testcase classname="first.com.WebAutomationBasic.TestWebElement" name="TestElement" time="8.516"/>
</testsuite> <!-- first.com.WebAutomationBasic.TestWebElement -->
